2016-01-14 14:25:08 INFO  Main:131 - Program run..
2016-01-14 14:37:40 ERROR Main:131 - com.danco.training.storage.GuestStorage@1a7cec2

com.danco.training.storage.RoomStorage@1b3120a

com.danco.training.storage.ServiceStorage@1539caf


2016-01-14 20:52:53 ERROR Main:131 - com.danco.training.storage.GuestStorage@1a7cec2

com.danco.training.storage.RoomStorage@1b3120a

com.danco.training.storage.ServiceStorage@1539caf


2016-01-14 20:54:22 ERROR Main:131 - com.danco.training.service.RoomService@c34f4d
2016-01-17 18:28:25 ERROR Main:131 - com.danco.training.service.RoomService@c34f4d
2016-01-17 18:41:25 ERROR Main:131 - com.danco.training.service.RoomService@c34f4d
2016-01-17 19:58:45 ERROR Main:131 - com.danco.training.service.RoomService@c34f4d
2016-01-17 19:59:52 ERROR Main:131 - com.danco.training.service.RoomService@c34f4d
2016-01-17 20:08:23 ERROR Main:131 - com.danco.training.service.RoomService@1a7cec2
2016-01-17 20:10:26 ERROR Main:131 - com.danco.training.service.RoomService@1a7cec2
2016-01-17 20:15:40 ERROR Main:131 - com.danco.training.service.RoomService@c34f4d
2016-01-17 20:32:24 INFO  Main:131 - runed
2016-01-17 20:35:45 INFO  Main:131 - runed
2016-01-17 20:37:42 INFO  Main:131 - runed
2016-01-17 20:37:52 INFO  Main:131 - runed
2016-01-17 20:46:37 INFO  Main:131 - runed
2016-01-17 20:48:10 INFO  Main:131 - runed
2016-01-17 20:52:26 INFO  Main:131 - runed
2016-01-17 20:54:13 INFO  Main:131 - runed
2016-01-17 20:54:35 INFO  Main:131 - runed
2016-01-17 20:55:06 INFO  Main:131 - runed
2016-01-17 21:01:07 INFO  Main:131 - runed
2016-01-17 21:03:25 INFO  Main:132 - runed
2016-01-17 21:23:35 INFO  Main:134 - runed
2016-01-17 21:26:44 INFO  Main:132 - runed
2016-01-17 22:09:12 INFO  Main:132 - runed
2016-01-17 22:09:47 INFO  Main:132 - runed
2016-01-17 22:10:12 INFO  Main:135 - runed
2016-01-17 22:11:29 INFO  Main:139 - runed
2016-01-18 08:00:36 INFO  Main:139 - runed
2016-01-18 08:06:10 INFO  Main:139 - runed
2016-01-18 08:06:47 INFO  Main:138 - runed
2016-01-18 08:07:17 INFO  Main:138 - runed
2016-01-18 08:09:34 INFO  Main:138 - runed
2016-01-18 08:11:21 INFO  Main:138 - runed
2016-01-18 08:13:20 INFO  Main:138 - runed
2016-01-18 08:29:38 INFO  Main:138 - runed
2016-01-18 10:34:05 INFO  Main:145 - runed
2016-01-18 10:34:16 INFO  Main:145 - runed
2016-01-18 12:33:38 INFO  Main:145 - runed
2016-01-18 14:01:32 INFO  Main:146 - runed
2016-01-18 14:02:53 INFO  Main:146 - runed
